# JRE version: Java(TM) SE Runtime Environment (8.0_181-b13) (build 1.8.0_181-b13)
# Java VM: Java HotSpot(TM) 64-Bit Server VM (25.181-b13 mixed mode linux-amd64 compressed oops)
Heap:
 PSYoungGen      total 64000K, used 29823K [0x00000000d7000000, 0x00000000dd280000, 0x0000000100000000)
  eden space 58880K, 50% used [0x00000000d7000000,0x00000000d8d1fc68,0x00000000da980000)
  from space 5120K, 0% used [0x00000000dae80000,0x00000000dae80000,0x00000000db380000)
  to   space 5120K, 0% used [0x00000000da980000,0x00000000da980000,0x00000000dae80000)
 ParOldGen       total 238080K, used 74803K [0x0000000085000000, 0x0000000093880000, 0x00000000d7000000)
  object space 238080K, 31% used [0x0000000085000000,0x000000008990cef8,0x0000000093880000)
 Metaspace       used 11406K, capacity 11612K, committed 11776K, reserved 1058816K
  class space    used 1373K, capacity 1440K, committed 1536K, reserved 1048576K
GC Heap History (10 events):
Event: 1.438 GC heap before
{Heap before GC invocations=3 (full 1):
 PSYoungGen      total 36864K, used 31744K [0x00000000d7000000, 0x00000000db800000, 0x0000000100000000)
  eden space 31744K, 100% used [0x00000000d7000000,0x00000000d8f00000,0x00000000d8f00000)
  from space 5120K, 0% used [0x00000000d8f00000,0x00000000d8f00000,0x00000000d9400000)
  to   space 5120K, 0% used [0x00000000db300000,0x00000000db300000,0x00000000db800000)
 ParOldGen       total 123904K, used 58067K [0x0000000085000000, 0x000000008c900000, 0x00000000d7000000)
  object space 123904K, 46% used [0x0000000085000000,0x00000000888b4ca8,0x000000008c900000)
 Metaspace       used 9261K, capacity 9456K, committed 9600K, reserved 1058816K
  class space    used 1076K, capacity 1150K, committed 1152K, reserved 1048576K
Event: 1.442 GC heap after
Heap after GC invocations=3 (full 1):
 PSYoungGen      total 46080K, used 1864K [0x00000000d7000000, 0x00000000db500000, 0x0000000100000000)
  eden space 44032K, 0% used [0x00000000d7000000,0x00000000d7000000,0x00000000d9b00000)
  from space 2048K, 91% used [0x00000000db300000,0x00000000db4d2250,0x00000000db500000)
  to   space 5120K, 0% used [0x00000000dab00000,0x00000000dab00000,0x00000000db000000)
 ParOldGen       total 123904K, used 58075K [0x0000000085000000, 0x000000008c900000, 0x00000000d7000000)
  object space 123904K, 46% used [0x0000000085000000,0x00000000888b6ca8,0x000000008c900000)
 Metaspace       used 9261K, capacity 9456K, committed 9600K, reserved 1058816K
  class space    used 1076K, capacity 1150K, committed 1152K, reserved 1048576K
}
Event: 1.442 GC heap before
{Heap before GC invocations=4 (full 2):
 PSYoungGen      total 46080K, used 1864K [0x00000000d7000000, 0x00000000db500000, 0x0000000100000000)
  eden space 44032K, 0% used [0x00000000d7000000,0x00000000d7000000,0x00000000d9b00000)
  from space 2048K, 91% used [0x00000000db300000,0x00000000db4d2250,0x00000000db500000)
  to   space 5120K, 0% used [0x00000000dab00000,0x00000000dab00000,0x00000000db000000)
 ParOldGen       total 123904K, used 58075K [0x0000000085000000, 0x000000008c900000, 0x00000000d7000000)
  object space 123904K, 46% used [0x0000000085000000,0x00000000888b6ca8,0x000000008c900000)
 Metaspace       used 9261K, capacity 9456K, committed 9600K, reserved 1058816K
  class space    used 1076K, capacity 1150K, committed 1152K, reserved 1048576K
Event: 1.481 GC heap after
Heap after GC invocations=4 (full 2):
 PSYoungGen      total 46080K, used 0K [0x00000000d7000000, 0x00000000db500000, 0x0000000100000000)
  eden space 44032K, 0% used [0x00000000d7000000,0x00000000d7000000,0x00000000d9b00000)
  from space 2048K, 0% used [0x00000000db300000,0x00000000db300000,0x00000000db500000)
  to   space 5120K, 0% used [0x00000000dab00000,0x00000000dab00000,0x00000000db000000)
 ParOldGen       total 166400K, used 21479K [0x0000000085000000, 0x000000008f280000, 0x00000000d7000000)
  object space 166400K, 12% used [0x0000000085000000,0x00000000864f9d00,0x000000008f280000)
 Metaspace       used 9261K, capacity 9456K, committed 9600K, reserved 1058816K
  class space    used 1076K, capacity 1150K, committed 1152K, reserved 1048576K
}
Event: 2.159 GC heap before
{Heap before GC invocations=5 (full 2):
 PSYoungGen      total 46080K, used 44032K [0x00000000d7000000, 0x00000000db500000, 0x0000000100000000)
  eden space 44032K, 100% used [0x00000000d7000000,0x00000000d9b00000,0x00000000d9b00000)
  from space 2048K, 0% used [0x00000000db300000,0x00000000db300000,0x00000000db500000)
  to   space 5120K, 0% used [0x00000000dab00000,0x00000000dab00000,0x00000000db000000)
 ParOldGen       total 166400K, used 21479K [0x0000000085000000, 0x000000008f280000, 0x00000000d7000000)
  object space 166400K, 12% used [0x0000000085000000,0x00000000864f9d00,0x000000008f280000)
 Metaspace       used 11058K, capacity 11286K, committed 11392K, reserved 1058816K
  class space    used 1300K, capacity 1375K, committed 1408K, reserved 1048576K
Event: 2.160 GC heap after
Heap after GC invocations=5 (full 2):
 PSYoungGen      total 59904K, used 1049K [0x00000000d7000000, 0x00000000db380000, 0x0000000100000000)
  eden space 58368K, 0% used [0x00000000d7000000,0x00000000d7000000,0x00000000da900000)
  from space 1536K, 68% used [0x00000000dab00000,0x00000000dac06490,0x00000000dac80000)
  to   space 5120K, 0% used [0x00000000dae80000,0x00000000dae80000,0x00000000db380000)
 ParOldGen       total 166400K, used 21487K [0x0000000085000000, 0x000000008f280000, 0x00000000d7000000)
  object space 166400K, 12% used [0x0000000085000000,0x00000000864fbd00,0x000000008f280000)
 Metaspace       used 11058K, capacity 11286K, committed 11392K, reserved 1058816K
  class space    used 1300K, capacity 1375K, committed 1408K, reserved 1048576K
}
Event: 2.303 GC heap before
{Heap before GC invocations=6 (full 2):
 PSYoungGen      total 59904K, used 55341K [0x00000000d7000000, 0x00000000db380000, 0x0000000100000000)
  eden space 58368K, 93% used [0x00000000d7000000,0x00000000da505350,0x00000000da900000)
  from space 1536K, 68% used [0x00000000dab00000,0x00000000dac06490,0x00000000dac80000)
  to   space 5120K, 0% used [0x00000000dae80000,0x00000000dae80000,0x00000000db380000)
 ParOldGen       total 166400K, used 21487K [0x0000000085000000, 0x000000008f280000, 0x00000000d7000000)
  object space 166400K, 12% used [0x0000000085000000,0x00000000864fbd00,0x000000008f280000)
 Metaspace       used 11385K, capacity 11606K, committed 11776K, reserved 1058816K
  class space    used 1371K, capacity 1439K, committed 1536K, reserved 1048576K
Event: 2.329 GC heap after
Heap after GC invocations=6 (full 2):
 PSYoungGen      total 64000K, used 2844K [0x00000000d7000000, 0x00000000dd280000, 0x0000000100000000)
  eden space 58880K, 0% used [0x00000000d7000000,0x00000000d7000000,0x00000000da980000)
  from space 5120K, 55% used [0x00000000dae80000,0x00000000db147028,0x00000000db380000)
  to   space 5120K, 0% used [0x00000000da980000,0x00000000da980000,0x00000000dae80000)
 ParOldGen       total 166400K, used 96719K [0x0000000085000000, 0x000000008f280000, 0x00000000d7000000)
  object space 166400K, 58% used [0x0000000085000000,0x000000008ae73c00,0x000000008f280000)
 Metaspace       used 11385K, capacity 11606K, committed 11776K, reserved 1058816K
  class space    used 1371K, capacity 1439K, committed 1536K, reserved 1048576K
}
Event: 2.329 GC heap before
{Heap before GC invocations=7 (full 3):
 PSYoungGen      total 64000K, used 2844K [0x00000000d7000000, 0x00000000dd280000, 0x0000000100000000)
  eden space 58880K, 0% used [0x00000000d7000000,0x00000000d7000000,0x00000000da980000)
  from space 5120K, 55% used [0x00000000dae80000,0x00000000db147028,0x00000000db380000)
  to   space 5120K, 0% used [0x00000000da980000,0x00000000da980000,0x00000000dae80000)
 ParOldGen       total 166400K, used 96719K [0x0000000085000000, 0x000000008f280000, 0x00000000d7000000)
  object space 166400K, 58% used [0x0000000085000000,0x000000008ae73c00,0x000000008f280000)
 Metaspace       used 11385K, capacity 11606K, committed 11776K, reserved 1058816K
  class space    used 1371K, capacity 1439K, committed 1536K, reserved 1048576K
Event: 2.365 GC heap after
Heap after GC invocations=7 (full 3):
 PSYoungGen      total 64000K, used 0K [0x00000000d7000000, 0x00000000dd280000, 0x0000000100000000)
  eden space 58880K, 0% used [0x00000000d7000000,0x00000000d7000000,0x00000000da980000)
  from space 5120K, 0% used [0x00000000dae80000,0x00000000dae80000,0x00000000db380000)
  to   space 5120K, 0% used [0x00000000da980000,0x00000000da980000,0x00000000dae80000)
 ParOldGen       total 238080K, used 42035K [0x0000000085000000, 0x0000000093880000, 0x00000000d7000000)
  object space 238080K, 17% used [0x0000000085000000,0x000000008790cee8,0x0000000093880000)
 Metaspace       used 11385K, capacity 11606K, committed 11776K, reserved 1058816K
  class space    used 1371K, capacity 1439K, committed 1536K, reserved 1048576K
}

